<?xml version="1.0" encoding="UTF-8"?>
<!-- Generated by org.testng.reporters.JUnitReportReporter -->
<testsuite hostname="DESKTOP-0AO53K2" name="com.Annotations.Annotations1" tests="1" failures="0" timestamp="13 Nov 2018 17:39:53 GMT" time="0.024" errors="0">
  <testcase name="BrowserLaunchAndLogIn" time="0.024" classname="com.Annotations.Annotations1"/>
</testsuite> <!-- com.Annotations.Annotations1 -->
